C:\USERS\DIPAN\DOCUMENTS\GITHUB\SSW555STEVENS\CS_555_PROJECT\CS_555_PROJECT\DEBUG\CS_555_PROJECT.EXE.INTERMEDIATE.MANIFEST
C:\USERS\DIPAN\DOCUMENTS\GITHUB\SSW555STEVENS\CS_555_PROJECT\CS_555_PROJECT\DEBUG\CS_555_PROJECT.OBJ
C:\USERS\DIPAN\DOCUMENTS\GITHUB\SSW555STEVENS\CS_555_PROJECT\CS_555_PROJECT\DEBUG\CS_555_PROJECT.PCH
C:\USERS\DIPAN\DOCUMENTS\GITHUB\SSW555STEVENS\CS_555_PROJECT\CS_555_PROJECT\DEBUG\STDAFX.OBJ
C:\USERS\DIPAN\DOCUMENTS\GITHUB\SSW555STEVENS\CS_555_PROJECT\CS_555_PROJECT\DEBUG\VC100.PDB
C:\USERS\DIPAN\DOCUMENTS\GITHUB\SSW555STEVENS\CS_555_PROJECT\DEBUG\CS_555_PROJECT.EXE
C:\USERS\DIPAN\DOCUMENTS\GITHUB\SSW555STEVENS\CS_555_PROJECT\DEBUG\CS_555_PROJECT.PDB
C:\Users\Gwenn\Documents\GitHub\ssw555stevens\CS_555_Project\CS_555_Project\Debug\cl.command.1.tlog
C:\Users\Gwenn\Documents\GitHub\ssw555stevens\CS_555_Project\CS_555_Project\Debug\CL.read.1.tlog
C:\Users\Gwenn\Documents\GitHub\ssw555stevens\CS_555_Project\CS_555_Project\Debug\CL.write.1.tlog
C:\USERS\GWENN\DOCUMENTS\GITHUB\SSW555STEVENS\CS_555_PROJECT\CS_555_PROJECT\DEBUG\CS_555_PROJECT.EXE.EMBED.MANIFEST
C:\USERS\GWENN\DOCUMENTS\GITHUB\SSW555STEVENS\CS_555_PROJECT\CS_555_PROJECT\DEBUG\CS_555_PROJECT.EXE.EMBED.MANIFEST.RES
C:\USERS\GWENN\DOCUMENTS\GITHUB\SSW555STEVENS\CS_555_PROJECT\CS_555_PROJECT\DEBUG\CS_555_PROJECT.EXE.INTERMEDIATE.MANIFEST
C:\USERS\GWENN\DOCUMENTS\GITHUB\SSW555STEVENS\CS_555_PROJECT\CS_555_PROJECT\DEBUG\CS_555_PROJECT.OBJ
C:\USERS\GWENN\DOCUMENTS\GITHUB\SSW555STEVENS\CS_555_PROJECT\CS_555_PROJECT\DEBUG\CS_555_PROJECT.PCH
C:\Users\Gwenn\Documents\GitHub\ssw555stevens\CS_555_Project\CS_555_Project\Debug\CS_555_Project.vcxprojResolveAssemblyReference.cache
C:\Users\Gwenn\Documents\GitHub\ssw555stevens\CS_555_Project\CS_555_Project\Debug\CS_555_Project.write.1.tlog
C:\Users\Gwenn\Documents\GitHub\ssw555stevens\CS_555_Project\CS_555_Project\Debug\CS_555_Project_manifest.rc
C:\Users\Gwenn\Documents\GitHub\ssw555stevens\CS_555_Project\CS_555_Project\Debug\link.10316.read.1.tlog
C:\Users\Gwenn\Documents\GitHub\ssw555stevens\CS_555_Project\CS_555_Project\Debug\link.10316.write.1.tlog
C:\Users\Gwenn\Documents\GitHub\ssw555stevens\CS_555_Project\CS_555_Project\Debug\link.10316-cvtres.read.1.tlog
C:\Users\Gwenn\Documents\GitHub\ssw555stevens\CS_555_Project\CS_555_Project\Debug\link.10316-cvtres.write.1.tlog
C:\Users\Gwenn\Documents\GitHub\ssw555stevens\CS_555_Project\CS_555_Project\Debug\link.1252.read.1.tlog
C:\Users\Gwenn\Documents\GitHub\ssw555stevens\CS_555_Project\CS_555_Project\Debug\link.1252.write.1.tlog
C:\Users\Gwenn\Documents\GitHub\ssw555stevens\CS_555_Project\CS_555_Project\Debug\link.1252-cvtres.read.1.tlog
C:\Users\Gwenn\Documents\GitHub\ssw555stevens\CS_555_Project\CS_555_Project\Debug\link.1252-cvtres.write.1.tlog
C:\Users\Gwenn\Documents\GitHub\ssw555stevens\CS_555_Project\CS_555_Project\Debug\link.2896.read.1.tlog
C:\Users\Gwenn\Documents\GitHub\ssw555stevens\CS_555_Project\CS_555_Project\Debug\link.2896.write.1.tlog
C:\Users\Gwenn\Documents\GitHub\ssw555stevens\CS_555_Project\CS_555_Project\Debug\link.2896-cvtres.read.1.tlog
C:\Users\Gwenn\Documents\GitHub\ssw555stevens\CS_555_Project\CS_555_Project\Debug\link.2896-cvtres.write.1.tlog
C:\Users\Gwenn\Documents\GitHub\ssw555stevens\CS_555_Project\CS_555_Project\Debug\link.3048.read.1.tlog
C:\Users\Gwenn\Documents\GitHub\ssw555stevens\CS_555_Project\CS_555_Project\Debug\link.3048.write.1.tlog
C:\Users\Gwenn\Documents\GitHub\ssw555stevens\CS_555_Project\CS_555_Project\Debug\link.3048-cvtres.read.1.tlog
C:\Users\Gwenn\Documents\GitHub\ssw555stevens\CS_555_Project\CS_555_Project\Debug\link.3048-cvtres.write.1.tlog
C:\Users\Gwenn\Documents\GitHub\ssw555stevens\CS_555_Project\CS_555_Project\Debug\link.3164.read.1.tlog
C:\Users\Gwenn\Documents\GitHub\ssw555stevens\CS_555_Project\CS_555_Project\Debug\link.3164.write.1.tlog
C:\Users\Gwenn\Documents\GitHub\ssw555stevens\CS_555_Project\CS_555_Project\Debug\link.3164-cvtres.read.1.tlog
C:\Users\Gwenn\Documents\GitHub\ssw555stevens\CS_555_Project\CS_555_Project\Debug\link.3164-cvtres.write.1.tlog
C:\Users\Gwenn\Documents\GitHub\ssw555stevens\CS_555_Project\CS_555_Project\Debug\link.3192.read.1.tlog
C:\Users\Gwenn\Documents\GitHub\ssw555stevens\CS_555_Project\CS_555_Project\Debug\link.3192.write.1.tlog
C:\Users\Gwenn\Documents\GitHub\ssw555stevens\CS_555_Project\CS_555_Project\Debug\link.3192-cvtres.read.1.tlog
C:\Users\Gwenn\Documents\GitHub\ssw555stevens\CS_555_Project\CS_555_Project\Debug\link.3192-cvtres.write.1.tlog
C:\Users\Gwenn\Documents\GitHub\ssw555stevens\CS_555_Project\CS_555_Project\Debug\link.3500.read.1.tlog
C:\Users\Gwenn\Documents\GitHub\ssw555stevens\CS_555_Project\CS_555_Project\Debug\link.3500.write.1.tlog
C:\Users\Gwenn\Documents\GitHub\ssw555stevens\CS_555_Project\CS_555_Project\Debug\link.3500-cvtres.read.1.tlog
C:\Users\Gwenn\Documents\GitHub\ssw555stevens\CS_555_Project\CS_555_Project\Debug\link.3500-cvtres.write.1.tlog
C:\Users\Gwenn\Documents\GitHub\ssw555stevens\CS_555_Project\CS_555_Project\Debug\link.3636.read.1.tlog
C:\Users\Gwenn\Documents\GitHub\ssw555stevens\CS_555_Project\CS_555_Project\Debug\link.3636.write.1.tlog
C:\Users\Gwenn\Documents\GitHub\ssw555stevens\CS_555_Project\CS_555_Project\Debug\link.3636-cvtres.read.1.tlog
C:\Users\Gwenn\Documents\GitHub\ssw555stevens\CS_555_Project\CS_555_Project\Debug\link.3636-cvtres.write.1.tlog
C:\Users\Gwenn\Documents\GitHub\ssw555stevens\CS_555_Project\CS_555_Project\Debug\link.3712.read.1.tlog
C:\Users\Gwenn\Documents\GitHub\ssw555stevens\CS_555_Project\CS_555_Project\Debug\link.3712.write.1.tlog
C:\Users\Gwenn\Documents\GitHub\ssw555stevens\CS_555_Project\CS_555_Project\Debug\link.3712-cvtres.read.1.tlog
C:\Users\Gwenn\Documents\GitHub\ssw555stevens\CS_555_Project\CS_555_Project\Debug\link.3712-cvtres.write.1.tlog
C:\Users\Gwenn\Documents\GitHub\ssw555stevens\CS_555_Project\CS_555_Project\Debug\link.3752.read.1.tlog
C:\Users\Gwenn\Documents\GitHub\ssw555stevens\CS_555_Project\CS_555_Project\Debug\link.3752.write.1.tlog
C:\Users\Gwenn\Documents\GitHub\ssw555stevens\CS_555_Project\CS_555_Project\Debug\link.3752-cvtres.read.1.tlog
C:\Users\Gwenn\Documents\GitHub\ssw555stevens\CS_555_Project\CS_555_Project\Debug\link.3752-cvtres.write.1.tlog
C:\Users\Gwenn\Documents\GitHub\ssw555stevens\CS_555_Project\CS_555_Project\Debug\link.3828.read.1.tlog
C:\Users\Gwenn\Documents\GitHub\ssw555stevens\CS_555_Project\CS_555_Project\Debug\link.3828.write.1.tlog
C:\Users\Gwenn\Documents\GitHub\ssw555stevens\CS_555_Project\CS_555_Project\Debug\link.3828-cvtres.read.1.tlog
C:\Users\Gwenn\Documents\GitHub\ssw555stevens\CS_555_Project\CS_555_Project\Debug\link.3828-cvtres.write.1.tlog
C:\Users\Gwenn\Documents\GitHub\ssw555stevens\CS_555_Project\CS_555_Project\Debug\link.4324.read.1.tlog
C:\Users\Gwenn\Documents\GitHub\ssw555stevens\CS_555_Project\CS_555_Project\Debug\link.4324.write.1.tlog
C:\Users\Gwenn\Documents\GitHub\ssw555stevens\CS_555_Project\CS_555_Project\Debug\link.4324-cvtres.read.1.tlog
C:\Users\Gwenn\Documents\GitHub\ssw555stevens\CS_555_Project\CS_555_Project\Debug\link.4324-cvtres.write.1.tlog
C:\Users\Gwenn\Documents\GitHub\ssw555stevens\CS_555_Project\CS_555_Project\Debug\link.4884.read.1.tlog
C:\Users\Gwenn\Documents\GitHub\ssw555stevens\CS_555_Project\CS_555_Project\Debug\link.4884.write.1.tlog
C:\Users\Gwenn\Documents\GitHub\ssw555stevens\CS_555_Project\CS_555_Project\Debug\link.4884-cvtres.read.1.tlog
C:\Users\Gwenn\Documents\GitHub\ssw555stevens\CS_555_Project\CS_555_Project\Debug\link.4884-cvtres.write.1.tlog
C:\Users\Gwenn\Documents\GitHub\ssw555stevens\CS_555_Project\CS_555_Project\Debug\link.4896.read.1.tlog
C:\Users\Gwenn\Documents\GitHub\ssw555stevens\CS_555_Project\CS_555_Project\Debug\link.4896.write.1.tlog
C:\Users\Gwenn\Documents\GitHub\ssw555stevens\CS_555_Project\CS_555_Project\Debug\link.4896-cvtres.read.1.tlog
C:\Users\Gwenn\Documents\GitHub\ssw555stevens\CS_555_Project\CS_555_Project\Debug\link.4896-cvtres.write.1.tlog
C:\Users\Gwenn\Documents\GitHub\ssw555stevens\CS_555_Project\CS_555_Project\Debug\link.5036.read.1.tlog
C:\Users\Gwenn\Documents\GitHub\ssw555stevens\CS_555_Project\CS_555_Project\Debug\link.5036.write.1.tlog
C:\Users\Gwenn\Documents\GitHub\ssw555stevens\CS_555_Project\CS_555_Project\Debug\link.5036-cvtres.read.1.tlog
C:\Users\Gwenn\Documents\GitHub\ssw555stevens\CS_555_Project\CS_555_Project\Debug\link.5036-cvtres.write.1.tlog
C:\Users\Gwenn\Documents\GitHub\ssw555stevens\CS_555_Project\CS_555_Project\Debug\link.5168.read.1.tlog
C:\Users\Gwenn\Documents\GitHub\ssw555stevens\CS_555_Project\CS_555_Project\Debug\link.5168.write.1.tlog
C:\Users\Gwenn\Documents\GitHub\ssw555stevens\CS_555_Project\CS_555_Project\Debug\link.5168-cvtres.read.1.tlog
C:\Users\Gwenn\Documents\GitHub\ssw555stevens\CS_555_Project\CS_555_Project\Debug\link.5168-cvtres.write.1.tlog
C:\Users\Gwenn\Documents\GitHub\ssw555stevens\CS_555_Project\CS_555_Project\Debug\link.5292.read.1.tlog
C:\Users\Gwenn\Documents\GitHub\ssw555stevens\CS_555_Project\CS_555_Project\Debug\link.5292.write.1.tlog
C:\Users\Gwenn\Documents\GitHub\ssw555stevens\CS_555_Project\CS_555_Project\Debug\link.5292-cvtres.read.1.tlog
C:\Users\Gwenn\Documents\GitHub\ssw555stevens\CS_555_Project\CS_555_Project\Debug\link.5292-cvtres.write.1.tlog
C:\Users\Gwenn\Documents\GitHub\ssw555stevens\CS_555_Project\CS_555_Project\Debug\link.5304.read.1.tlog
C:\Users\Gwenn\Documents\GitHub\ssw555stevens\CS_555_Project\CS_555_Project\Debug\link.5304.write.1.tlog
C:\Users\Gwenn\Documents\GitHub\ssw555stevens\CS_555_Project\CS_555_Project\Debug\link.5304-cvtres.read.1.tlog
C:\Users\Gwenn\Documents\GitHub\ssw555stevens\CS_555_Project\CS_555_Project\Debug\link.5304-cvtres.write.1.tlog
C:\Users\Gwenn\Documents\GitHub\ssw555stevens\CS_555_Project\CS_555_Project\Debug\link.5492.read.1.tlog
C:\Users\Gwenn\Documents\GitHub\ssw555stevens\CS_555_Project\CS_555_Project\Debug\link.5492.write.1.tlog
C:\Users\Gwenn\Documents\GitHub\ssw555stevens\CS_555_Project\CS_555_Project\Debug\link.5492-cvtres.read.1.tlog
C:\Users\Gwenn\Documents\GitHub\ssw555stevens\CS_555_Project\CS_555_Project\Debug\link.5492-cvtres.write.1.tlog
C:\Users\Gwenn\Documents\GitHub\ssw555stevens\CS_555_Project\CS_555_Project\Debug\link.5576.read.1.tlog
C:\Users\Gwenn\Documents\GitHub\ssw555stevens\CS_555_Project\CS_555_Project\Debug\link.5576.write.1.tlog
C:\Users\Gwenn\Documents\GitHub\ssw555stevens\CS_555_Project\CS_555_Project\Debug\link.5576-cvtres.read.1.tlog
C:\Users\Gwenn\Documents\GitHub\ssw555stevens\CS_555_Project\CS_555_Project\Debug\link.5576-cvtres.write.1.tlog
C:\Users\Gwenn\Documents\GitHub\ssw555stevens\CS_555_Project\CS_555_Project\Debug\link.5680.read.1.tlog
C:\Users\Gwenn\Documents\GitHub\ssw555stevens\CS_555_Project\CS_555_Project\Debug\link.5680.write.1.tlog
C:\Users\Gwenn\Documents\GitHub\ssw555stevens\CS_555_Project\CS_555_Project\Debug\link.5680-cvtres.read.1.tlog
C:\Users\Gwenn\Documents\GitHub\ssw555stevens\CS_555_Project\CS_555_Project\Debug\link.5680-cvtres.write.1.tlog
C:\Users\Gwenn\Documents\GitHub\ssw555stevens\CS_555_Project\CS_555_Project\Debug\link.5732.read.1.tlog
C:\Users\Gwenn\Documents\GitHub\ssw555stevens\CS_555_Project\CS_555_Project\Debug\link.5732.write.1.tlog
C:\Users\Gwenn\Documents\GitHub\ssw555stevens\CS_555_Project\CS_555_Project\Debug\link.5732-cvtres.read.1.tlog
C:\Users\Gwenn\Documents\GitHub\ssw555stevens\CS_555_Project\CS_555_Project\Debug\link.5732-cvtres.write.1.tlog
C:\Users\Gwenn\Documents\GitHub\ssw555stevens\CS_555_Project\CS_555_Project\Debug\link.6436.read.1.tlog
C:\Users\Gwenn\Documents\GitHub\ssw555stevens\CS_555_Project\CS_555_Project\Debug\link.6436.write.1.tlog
C:\Users\Gwenn\Documents\GitHub\ssw555stevens\CS_555_Project\CS_555_Project\Debug\link.6436-cvtres.read.1.tlog
C:\Users\Gwenn\Documents\GitHub\ssw555stevens\CS_555_Project\CS_555_Project\Debug\link.6436-cvtres.write.1.tlog
C:\Users\Gwenn\Documents\GitHub\ssw555stevens\CS_555_Project\CS_555_Project\Debug\link.6452.read.1.tlog
C:\Users\Gwenn\Documents\GitHub\ssw555stevens\CS_555_Project\CS_555_Project\Debug\link.6452.write.1.tlog
C:\Users\Gwenn\Documents\GitHub\ssw555stevens\CS_555_Project\CS_555_Project\Debug\link.6452-cvtres.read.1.tlog
C:\Users\Gwenn\Documents\GitHub\ssw555stevens\CS_555_Project\CS_555_Project\Debug\link.6452-cvtres.write.1.tlog
C:\Users\Gwenn\Documents\GitHub\ssw555stevens\CS_555_Project\CS_555_Project\Debug\link.6568.read.1.tlog
C:\Users\Gwenn\Documents\GitHub\ssw555stevens\CS_555_Project\CS_555_Project\Debug\link.6568.write.1.tlog
C:\Users\Gwenn\Documents\GitHub\ssw555stevens\CS_555_Project\CS_555_Project\Debug\link.6568-cvtres.read.1.tlog
C:\Users\Gwenn\Documents\GitHub\ssw555stevens\CS_555_Project\CS_555_Project\Debug\link.6568-cvtres.write.1.tlog
C:\Users\Gwenn\Documents\GitHub\ssw555stevens\CS_555_Project\CS_555_Project\Debug\link.6648.read.1.tlog
C:\Users\Gwenn\Documents\GitHub\ssw555stevens\CS_555_Project\CS_555_Project\Debug\link.6648.write.1.tlog
C:\Users\Gwenn\Documents\GitHub\ssw555stevens\CS_555_Project\CS_555_Project\Debug\link.6648-cvtres.read.1.tlog
C:\Users\Gwenn\Documents\GitHub\ssw555stevens\CS_555_Project\CS_555_Project\Debug\link.6648-cvtres.write.1.tlog
C:\Users\Gwenn\Documents\GitHub\ssw555stevens\CS_555_Project\CS_555_Project\Debug\link.6788.read.1.tlog
C:\Users\Gwenn\Documents\GitHub\ssw555stevens\CS_555_Project\CS_555_Project\Debug\link.6788.write.1.tlog
C:\Users\Gwenn\Documents\GitHub\ssw555stevens\CS_555_Project\CS_555_Project\Debug\link.6788-cvtres.read.1.tlog
C:\Users\Gwenn\Documents\GitHub\ssw555stevens\CS_555_Project\CS_555_Project\Debug\link.6788-cvtres.write.1.tlog
C:\Users\Gwenn\Documents\GitHub\ssw555stevens\CS_555_Project\CS_555_Project\Debug\link.6980.read.1.tlog
C:\Users\Gwenn\Documents\GitHub\ssw555stevens\CS_555_Project\CS_555_Project\Debug\link.6980.write.1.tlog
C:\Users\Gwenn\Documents\GitHub\ssw555stevens\CS_555_Project\CS_555_Project\Debug\link.6980-cvtres.read.1.tlog
C:\Users\Gwenn\Documents\GitHub\ssw555stevens\CS_555_Project\CS_555_Project\Debug\link.6980-cvtres.write.1.tlog
C:\Users\Gwenn\Documents\GitHub\ssw555stevens\CS_555_Project\CS_555_Project\Debug\link.7208.read.1.tlog
C:\Users\Gwenn\Documents\GitHub\ssw555stevens\CS_555_Project\CS_555_Project\Debug\link.7208.write.1.tlog
C:\Users\Gwenn\Documents\GitHub\ssw555stevens\CS_555_Project\CS_555_Project\Debug\link.7208-cvtres.read.1.tlog
C:\Users\Gwenn\Documents\GitHub\ssw555stevens\CS_555_Project\CS_555_Project\Debug\link.7208-cvtres.write.1.tlog
C:\Users\Gwenn\Documents\GitHub\ssw555stevens\CS_555_Project\CS_555_Project\Debug\link.7236.read.1.tlog
C:\Users\Gwenn\Documents\GitHub\ssw555stevens\CS_555_Project\CS_555_Project\Debug\link.7236.write.1.tlog
C:\Users\Gwenn\Documents\GitHub\ssw555stevens\CS_555_Project\CS_555_Project\Debug\link.7236-cvtres.read.1.tlog
C:\Users\Gwenn\Documents\GitHub\ssw555stevens\CS_555_Project\CS_555_Project\Debug\link.7236-cvtres.write.1.tlog
C:\Users\Gwenn\Documents\GitHub\ssw555stevens\CS_555_Project\CS_555_Project\Debug\link.7288.read.1.tlog
C:\Users\Gwenn\Documents\GitHub\ssw555stevens\CS_555_Project\CS_555_Project\Debug\link.7288.write.1.tlog
C:\Users\Gwenn\Documents\GitHub\ssw555stevens\CS_555_Project\CS_555_Project\Debug\link.7288-cvtres.read.1.tlog
C:\Users\Gwenn\Documents\GitHub\ssw555stevens\CS_555_Project\CS_555_Project\Debug\link.7288-cvtres.write.1.tlog
C:\Users\Gwenn\Documents\GitHub\ssw555stevens\CS_555_Project\CS_555_Project\Debug\link.7296.read.1.tlog
C:\Users\Gwenn\Documents\GitHub\ssw555stevens\CS_555_Project\CS_555_Project\Debug\link.7296.write.1.tlog
C:\Users\Gwenn\Documents\GitHub\ssw555stevens\CS_555_Project\CS_555_Project\Debug\link.7296-cvtres.read.1.tlog
C:\Users\Gwenn\Documents\GitHub\ssw555stevens\CS_555_Project\CS_555_Project\Debug\link.7296-cvtres.write.1.tlog
C:\Users\Gwenn\Documents\GitHub\ssw555stevens\CS_555_Project\CS_555_Project\Debug\link.7316.read.1.tlog
C:\Users\Gwenn\Documents\GitHub\ssw555stevens\CS_555_Project\CS_555_Project\Debug\link.7316.write.1.tlog
C:\Users\Gwenn\Documents\GitHub\ssw555stevens\CS_555_Project\CS_555_Project\Debug\link.7316-cvtres.read.1.tlog
C:\Users\Gwenn\Documents\GitHub\ssw555stevens\CS_555_Project\CS_555_Project\Debug\link.7316-cvtres.write.1.tlog
C:\Users\Gwenn\Documents\GitHub\ssw555stevens\CS_555_Project\CS_555_Project\Debug\link.7324.read.1.tlog
C:\Users\Gwenn\Documents\GitHub\ssw555stevens\CS_555_Project\CS_555_Project\Debug\link.7324.write.1.tlog
C:\Users\Gwenn\Documents\GitHub\ssw555stevens\CS_555_Project\CS_555_Project\Debug\link.7324-cvtres.read.1.tlog
C:\Users\Gwenn\Documents\GitHub\ssw555stevens\CS_555_Project\CS_555_Project\Debug\link.7324-cvtres.write.1.tlog
C:\Users\Gwenn\Documents\GitHub\ssw555stevens\CS_555_Project\CS_555_Project\Debug\link.7476.read.1.tlog
C:\Users\Gwenn\Documents\GitHub\ssw555stevens\CS_555_Project\CS_555_Project\Debug\link.7476.write.1.tlog
C:\Users\Gwenn\Documents\GitHub\ssw555stevens\CS_555_Project\CS_555_Project\Debug\link.7476-cvtres.read.1.tlog
C:\Users\Gwenn\Documents\GitHub\ssw555stevens\CS_555_Project\CS_555_Project\Debug\link.7476-cvtres.write.1.tlog
C:\Users\Gwenn\Documents\GitHub\ssw555stevens\CS_555_Project\CS_555_Project\Debug\link.7588.read.1.tlog
C:\Users\Gwenn\Documents\GitHub\ssw555stevens\CS_555_Project\CS_555_Project\Debug\link.7588.write.1.tlog
C:\Users\Gwenn\Documents\GitHub\ssw555stevens\CS_555_Project\CS_555_Project\Debug\link.7588-cvtres.read.1.tlog
C:\Users\Gwenn\Documents\GitHub\ssw555stevens\CS_555_Project\CS_555_Project\Debug\link.7588-cvtres.write.1.tlog
C:\Users\Gwenn\Documents\GitHub\ssw555stevens\CS_555_Project\CS_555_Project\Debug\link.7636.read.1.tlog
C:\Users\Gwenn\Documents\GitHub\ssw555stevens\CS_555_Project\CS_555_Project\Debug\link.7636.write.1.tlog
C:\Users\Gwenn\Documents\GitHub\ssw555stevens\CS_555_Project\CS_555_Project\Debug\link.7636-cvtres.read.1.tlog
C:\Users\Gwenn\Documents\GitHub\ssw555stevens\CS_555_Project\CS_555_Project\Debug\link.7636-cvtres.write.1.tlog
C:\Users\Gwenn\Documents\GitHub\ssw555stevens\CS_555_Project\CS_555_Project\Debug\link.7940.read.1.tlog
C:\Users\Gwenn\Documents\GitHub\ssw555stevens\CS_555_Project\CS_555_Project\Debug\link.7940.write.1.tlog
C:\Users\Gwenn\Documents\GitHub\ssw555stevens\CS_555_Project\CS_555_Project\Debug\link.7940-cvtres.read.1.tlog
C:\Users\Gwenn\Documents\GitHub\ssw555stevens\CS_555_Project\CS_555_Project\Debug\link.7940-cvtres.write.1.tlog
C:\Users\Gwenn\Documents\GitHub\ssw555stevens\CS_555_Project\CS_555_Project\Debug\link.8008.read.1.tlog
C:\Users\Gwenn\Documents\GitHub\ssw555stevens\CS_555_Project\CS_555_Project\Debug\link.8008.write.1.tlog
C:\Users\Gwenn\Documents\GitHub\ssw555stevens\CS_555_Project\CS_555_Project\Debug\link.8008-cvtres.read.1.tlog
C:\Users\Gwenn\Documents\GitHub\ssw555stevens\CS_555_Project\CS_555_Project\Debug\link.8008-cvtres.write.1.tlog
C:\Users\Gwenn\Documents\GitHub\ssw555stevens\CS_555_Project\CS_555_Project\Debug\link.8028.read.1.tlog
C:\Users\Gwenn\Documents\GitHub\ssw555stevens\CS_555_Project\CS_555_Project\Debug\link.8028.write.1.tlog
C:\Users\Gwenn\Documents\GitHub\ssw555stevens\CS_555_Project\CS_555_Project\Debug\link.8028-cvtres.read.1.tlog
C:\Users\Gwenn\Documents\GitHub\ssw555stevens\CS_555_Project\CS_555_Project\Debug\link.8028-cvtres.write.1.tlog
C:\Users\Gwenn\Documents\GitHub\ssw555stevens\CS_555_Project\CS_555_Project\Debug\link.8052.read.1.tlog
C:\Users\Gwenn\Documents\GitHub\ssw555stevens\CS_555_Project\CS_555_Project\Debug\link.8052.write.1.tlog
C:\Users\Gwenn\Documents\GitHub\ssw555stevens\CS_555_Project\CS_555_Project\Debug\link.8052-cvtres.read.1.tlog
C:\Users\Gwenn\Documents\GitHub\ssw555stevens\CS_555_Project\CS_555_Project\Debug\link.8052-cvtres.write.1.tlog
C:\Users\Gwenn\Documents\GitHub\ssw555stevens\CS_555_Project\CS_555_Project\Debug\link.8180.read.1.tlog
C:\Users\Gwenn\Documents\GitHub\ssw555stevens\CS_555_Project\CS_555_Project\Debug\link.8180.write.1.tlog
C:\Users\Gwenn\Documents\GitHub\ssw555stevens\CS_555_Project\CS_555_Project\Debug\link.8180-cvtres.read.1.tlog
C:\Users\Gwenn\Documents\GitHub\ssw555stevens\CS_555_Project\CS_555_Project\Debug\link.8180-cvtres.write.1.tlog
C:\Users\Gwenn\Documents\GitHub\ssw555stevens\CS_555_Project\CS_555_Project\Debug\link.8536.read.1.tlog
C:\Users\Gwenn\Documents\GitHub\ssw555stevens\CS_555_Project\CS_555_Project\Debug\link.8536.write.1.tlog
C:\Users\Gwenn\Documents\GitHub\ssw555stevens\CS_555_Project\CS_555_Project\Debug\link.8536-cvtres.read.1.tlog
C:\Users\Gwenn\Documents\GitHub\ssw555stevens\CS_555_Project\CS_555_Project\Debug\link.8536-cvtres.write.1.tlog
C:\Users\Gwenn\Documents\GitHub\ssw555stevens\CS_555_Project\CS_555_Project\Debug\link.896.read.1.tlog
C:\Users\Gwenn\Documents\GitHub\ssw555stevens\CS_555_Project\CS_555_Project\Debug\link.896.write.1.tlog
C:\Users\Gwenn\Documents\GitHub\ssw555stevens\CS_555_Project\CS_555_Project\Debug\link.896-cvtres.read.1.tlog
C:\Users\Gwenn\Documents\GitHub\ssw555stevens\CS_555_Project\CS_555_Project\Debug\link.896-cvtres.write.1.tlog
C:\Users\Gwenn\Documents\GitHub\ssw555stevens\CS_555_Project\CS_555_Project\Debug\link.912.read.1.tlog
C:\Users\Gwenn\Documents\GitHub\ssw555stevens\CS_555_Project\CS_555_Project\Debug\link.912.write.1.tlog
C:\Users\Gwenn\Documents\GitHub\ssw555stevens\CS_555_Project\CS_555_Project\Debug\link.912-cvtres.read.1.tlog
C:\Users\Gwenn\Documents\GitHub\ssw555stevens\CS_555_Project\CS_555_Project\Debug\link.912-cvtres.write.1.tlog
C:\Users\Gwenn\Documents\GitHub\ssw555stevens\CS_555_Project\CS_555_Project\Debug\link.9220.read.1.tlog
C:\Users\Gwenn\Documents\GitHub\ssw555stevens\CS_555_Project\CS_555_Project\Debug\link.9220.write.1.tlog
C:\Users\Gwenn\Documents\GitHub\ssw555stevens\CS_555_Project\CS_555_Project\Debug\link.9220-cvtres.read.1.tlog
C:\Users\Gwenn\Documents\GitHub\ssw555stevens\CS_555_Project\CS_555_Project\Debug\link.9220-cvtres.write.1.tlog
C:\Users\Gwenn\Documents\GitHub\ssw555stevens\CS_555_Project\CS_555_Project\Debug\link.9232.read.1.tlog
C:\Users\Gwenn\Documents\GitHub\ssw555stevens\CS_555_Project\CS_555_Project\Debug\link.9232.write.1.tlog
C:\Users\Gwenn\Documents\GitHub\ssw555stevens\CS_555_Project\CS_555_Project\Debug\link.9232-cvtres.read.1.tlog
C:\Users\Gwenn\Documents\GitHub\ssw555stevens\CS_555_Project\CS_555_Project\Debug\link.9232-cvtres.write.1.tlog
C:\Users\Gwenn\Documents\GitHub\ssw555stevens\CS_555_Project\CS_555_Project\Debug\link.9276.read.1.tlog
C:\Users\Gwenn\Documents\GitHub\ssw555stevens\CS_555_Project\CS_555_Project\Debug\link.9276.write.1.tlog
C:\Users\Gwenn\Documents\GitHub\ssw555stevens\CS_555_Project\CS_555_Project\Debug\link.9276-cvtres.read.1.tlog
C:\Users\Gwenn\Documents\GitHub\ssw555stevens\CS_555_Project\CS_555_Project\Debug\link.9276-cvtres.write.1.tlog
C:\Users\Gwenn\Documents\GitHub\ssw555stevens\CS_555_Project\CS_555_Project\Debug\link.9344.read.1.tlog
C:\Users\Gwenn\Documents\GitHub\ssw555stevens\CS_555_Project\CS_555_Project\Debug\link.9344.write.1.tlog
C:\Users\Gwenn\Documents\GitHub\ssw555stevens\CS_555_Project\CS_555_Project\Debug\link.9344-cvtres.read.1.tlog
C:\Users\Gwenn\Documents\GitHub\ssw555stevens\CS_555_Project\CS_555_Project\Debug\link.9344-cvtres.write.1.tlog
C:\Users\Gwenn\Documents\GitHub\ssw555stevens\CS_555_Project\CS_555_Project\Debug\link.9392.read.1.tlog
C:\Users\Gwenn\Documents\GitHub\ssw555stevens\CS_555_Project\CS_555_Project\Debug\link.9392.write.1.tlog
C:\Users\Gwenn\Documents\GitHub\ssw555stevens\CS_555_Project\CS_555_Project\Debug\link.9392-cvtres.read.1.tlog
C:\Users\Gwenn\Documents\GitHub\ssw555stevens\CS_555_Project\CS_555_Project\Debug\link.9392-cvtres.write.1.tlog
C:\Users\Gwenn\Documents\GitHub\ssw555stevens\CS_555_Project\CS_555_Project\Debug\link.9772.read.1.tlog
C:\Users\Gwenn\Documents\GitHub\ssw555stevens\CS_555_Project\CS_555_Project\Debug\link.9772.write.1.tlog
C:\Users\Gwenn\Documents\GitHub\ssw555stevens\CS_555_Project\CS_555_Project\Debug\link.9772-cvtres.read.1.tlog
C:\Users\Gwenn\Documents\GitHub\ssw555stevens\CS_555_Project\CS_555_Project\Debug\link.9772-cvtres.write.1.tlog
C:\Users\Gwenn\Documents\GitHub\ssw555stevens\CS_555_Project\CS_555_Project\Debug\link.9908.read.1.tlog
C:\Users\Gwenn\Documents\GitHub\ssw555stevens\CS_555_Project\CS_555_Project\Debug\link.9908.write.1.tlog
C:\Users\Gwenn\Documents\GitHub\ssw555stevens\CS_555_Project\CS_555_Project\Debug\link.9908-cvtres.read.1.tlog
C:\Users\Gwenn\Documents\GitHub\ssw555stevens\CS_555_Project\CS_555_Project\Debug\link.9908-cvtres.write.1.tlog
C:\Users\Gwenn\Documents\GitHub\ssw555stevens\CS_555_Project\CS_555_Project\Debug\link.command.1.tlog
C:\Users\Gwenn\Documents\GitHub\ssw555stevens\CS_555_Project\CS_555_Project\Debug\link.read.1.tlog
C:\Users\Gwenn\Documents\GitHub\ssw555stevens\CS_555_Project\CS_555_Project\Debug\link.write.1.tlog
C:\Users\Gwenn\Documents\GitHub\ssw555stevens\CS_555_Project\CS_555_Project\Debug\link-cvtres.read.1.tlog
C:\Users\Gwenn\Documents\GitHub\ssw555stevens\CS_555_Project\CS_555_Project\Debug\link-cvtres.write.1.tlog
C:\Users\Gwenn\Documents\GitHub\ssw555stevens\CS_555_Project\CS_555_Project\Debug\mt.command.1.tlog
C:\Users\Gwenn\Documents\GitHub\ssw555stevens\CS_555_Project\CS_555_Project\Debug\mt.read.1.tlog
C:\Users\Gwenn\Documents\GitHub\ssw555stevens\CS_555_Project\CS_555_Project\Debug\mt.write.1.tlog
C:\Users\Gwenn\Documents\GitHub\ssw555stevens\CS_555_Project\CS_555_Project\Debug\rc.command.1.tlog
C:\Users\Gwenn\Documents\GitHub\ssw555stevens\CS_555_Project\CS_555_Project\Debug\rc.read.1.tlog
C:\Users\Gwenn\Documents\GitHub\ssw555stevens\CS_555_Project\CS_555_Project\Debug\rc.write.1.tlog
C:\USERS\GWENN\DOCUMENTS\GITHUB\SSW555STEVENS\CS_555_PROJECT\CS_555_PROJECT\DEBUG\STDAFX.OBJ
C:\Users\Gwenn\Documents\GitHub\ssw555stevens\CS_555_Project\CS_555_Project\Debug\vc100.idb
C:\USERS\GWENN\DOCUMENTS\GITHUB\SSW555STEVENS\CS_555_PROJECT\CS_555_PROJECT\DEBUG\VC100.PDB
C:\USERS\GWENN\DOCUMENTS\GITHUB\SSW555STEVENS\CS_555_PROJECT\DEBUG\CS_555_PROJECT.EXE
C:\USERS\GWENN\DOCUMENTS\GITHUB\SSW555STEVENS\CS_555_PROJECT\DEBUG\CS_555_PROJECT.ILK
C:\USERS\GWENN\DOCUMENTS\GITHUB\SSW555STEVENS\CS_555_PROJECT\DEBUG\CS_555_PROJECT.PDB
C:\USERS\YOSHGUNN\DOCUMENTS\MASTERSDEGREE\SSW-555-AGILE\GROUPPROJECT\SSW555STEVENS\CS_555_PROJECT\CS_555_PROJECT\DEBUG\CS_555_PROJECT.EXE.EMBED.MANIFEST
C:\USERS\YOSHGUNN\DOCUMENTS\MASTERSDEGREE\SSW-555-AGILE\GROUPPROJECT\SSW555STEVENS\CS_555_PROJECT\CS_555_PROJECT\DEBUG\CS_555_PROJECT.EXE.EMBED.MANIFEST.RES
C:\USERS\YOSHGUNN\DOCUMENTS\MASTERSDEGREE\SSW-555-AGILE\GROUPPROJECT\SSW555STEVENS\CS_555_PROJECT\CS_555_PROJECT\DEBUG\CS_555_PROJECT.EXE.INTERMEDIATE.MANIFEST
C:\USERS\YOSHGUNN\DOCUMENTS\MASTERSDEGREE\SSW-555-AGILE\GROUPPROJECT\SSW555STEVENS\CS_555_PROJECT\CS_555_PROJECT\DEBUG\CS_555_PROJECT.OBJ
C:\USERS\YOSHGUNN\DOCUMENTS\MASTERSDEGREE\SSW-555-AGILE\GROUPPROJECT\SSW555STEVENS\CS_555_PROJECT\CS_555_PROJECT\DEBUG\CS_555_PROJECT.PCH
C:\USERS\YOSHGUNN\DOCUMENTS\MASTERSDEGREE\SSW-555-AGILE\GROUPPROJECT\SSW555STEVENS\CS_555_PROJECT\CS_555_PROJECT\DEBUG\STDAFX.OBJ
C:\USERS\YOSHGUNN\DOCUMENTS\MASTERSDEGREE\SSW-555-AGILE\GROUPPROJECT\SSW555STEVENS\CS_555_PROJECT\CS_555_PROJECT\DEBUG\VC100.PDB
C:\USERS\YOSHGUNN\DOCUMENTS\MASTERSDEGREE\SSW-555-AGILE\GROUPPROJECT\SSW555STEVENS\CS_555_PROJECT\DEBUG\CS_555_PROJECT.EXE
C:\USERS\YOSHGUNN\DOCUMENTS\MASTERSDEGREE\SSW-555-AGILE\GROUPPROJECT\SSW555STEVENS\CS_555_PROJECT\DEBUG\CS_555_PROJECT.ILK
C:\USERS\YOSHGUNN\DOCUMENTS\MASTERSDEGREE\SSW-555-AGILE\GROUPPROJECT\SSW555STEVENS\CS_555_PROJECT\DEBUG\CS_555_PROJECT.PDB
