Build started 10/12/2014 10:22:07 PM.
     1>Project "C:\Users\Dipan\Documents\GitHub\ssw555stevens\CS_555_Project\CS_555_Project\CS_555_Project.vcxproj" on node 2 (build target(s)).
     1>InitializeBuildStatus:
         Creating "Debug\CS_555_Project.unsuccessfulbuild" because "AlwaysCreate" was specified.
       ClCompile:
         All outputs are up-to-date.
         C:\Program Files (x86)\Microsoft Visual Studio 10.0\VC\bin\CL.exe /c /ZI /nologo /W0 /WX- /Od /Oy- /D WIN32 /D _DEBUG /D _CONSOLE /D _UNICODE /D UNICODE /Gm /EHsc /RTC1 /MDd /GS /fp:precise /Zc:wchar_t /Zc:forScope /Yu"StdAfx.h" /Fp"Debug\CS_555_Project.pch" /Fo"Debug\\" /Fd"Debug\vc100.pdb" /Gd /TP /analyze- /errorReport:prompt CS_555_Project.cpp
         CS_555_Project.cpp
       Link:
         C:\Program Files (x86)\Microsoft Visual Studio 10.0\VC\bin\link.exe /ERRORREPORT:PROMPT /OUT:"C:\Users\Dipan\Documents\GitHub\ssw555stevens\CS_555_Project\Debug\CS_555_Project.exe" /INCREMENTAL:NO /NOLOGO kernel32.lib user32.lib gdi32.lib winspool.lib comdlg32.lib advapi32.lib shell32.lib ole32.lib oleaut32.lib uuid.lib odbc32.lib odbccp32.lib /MANIFEST /ManifestFile:"Debug\CS_555_Project.exe.intermediate.manifest" /MANIFESTUAC:"level='asInvoker' uiAccess='false'" /DEBUG /PDB:"C:\Users\Dipan\Documents\GitHub\ssw555stevens\CS_555_Project\Debug\CS_555_Project.pdb" /SUBSYSTEM:CONSOLE /TLBID:1 /DYNAMICBASE /NXCOMPAT /IMPLIB:"C:\Users\Dipan\Documents\GitHub\ssw555stevens\CS_555_Project\Debug\CS_555_Project.lib" /MACHINE:X86 Debug\CS_555_Project.obj
         Debug\stdafx.obj
     1>CS_555_Project.obj : warning LNK4075: ignoring '/EDITANDCONTINUE' due to '/INCREMENTAL:NO' specification
         CS_555_Project.vcxproj -> C:\Users\Dipan\Documents\GitHub\ssw555stevens\CS_555_Project\Debug\CS_555_Project.exe
       Manifest:
         C:\Program Files (x86)\Microsoft SDKs\Windows\v7.0A\bin\mt.exe /nologo /verbose /outputresource:"C:\Users\Dipan\Documents\GitHub\ssw555stevens\CS_555_Project\Debug\CS_555_Project.exe;#1" /manifest Debug\CS_555_Project.exe.intermediate.manifest
       FinalizeBuildStatus:
         Deleting file "Debug\CS_555_Project.unsuccessfulbuild".
         Touching "Debug\CS_555_Project.lastbuildstate".
     1>Done Building Project "C:\Users\Dipan\Documents\GitHub\ssw555stevens\CS_555_Project\CS_555_Project\CS_555_Project.vcxproj" (build target(s)).

Build succeeded.

Time Elapsed 00:00:00.56
