Build started 10/5/2014 2:23:55 AM.
     1>Project "C:\Users\Yoshgunn\Documents\MastersDegree\SSW-555-Agile\GroupProject\ssw555stevens\GEDCOM\GEDCOM.vcxproj" on node 2 (build target(s)).
     1>InitializeBuildStatus:
         Creating "Debug\GEDCOM.unsuccessfulbuild" because "AlwaysCreate" was specified.
       ClCompile:
         C:\Program Files (x86)\Microsoft Visual Studio 10.0\VC\bin\CL.exe /c /ZI /nologo /W3 /WX- /Od /Oy- /D WIN32 /D _DEBUG /D _CONSOLE /D _UNICODE /D UNICODE /Gm /EHsc /RTC1 /MDd /GS /fp:precise /Zc:wchar_t /Zc:forScope /Fo"Debug\\" /Fd"Debug\vc100.pdb" /Gd /TP /analyze- /errorReport:prompt GEDCOM.cpp
         GEDCOM.cpp
       ManifestResourceCompile:
         All outputs are up-to-date.
       Link:
         C:\Program Files (x86)\Microsoft Visual Studio 10.0\VC\bin\link.exe /ERRORREPORT:PROMPT /OUT:"C:\Users\Yoshgunn\Documents\MastersDegree\SSW-555-Agile\GroupProject\ssw555stevens\GEDCOM\Debug\GEDCOM.exe" /INCREMENTAL /NOLOGO kernel32.lib user32.lib gdi32.lib winspool.lib comdlg32.lib advapi32.lib shell32.lib ole32.lib oleaut32.lib uuid.lib odbc32.lib odbccp32.lib /MANIFEST /ManifestFile:"Debug\GEDCOM.exe.intermediate.manifest" /MANIFESTUAC:"level='asInvoker' uiAccess='false'" /DEBUG /PDB:"C:\Users\Yoshgunn\Documents\MastersDegree\SSW-555-Agile\GroupProject\ssw555stevens\GEDCOM\Debug\GEDCOM.pdb" /SUBSYSTEM:CONSOLE /TLBID:1 /DYNAMICBASE /NXCOMPAT /IMPLIB:"C:\Users\Yoshgunn\Documents\MastersDegree\SSW-555-Agile\GroupProject\ssw555stevens\GEDCOM\Debug\GEDCOM.lib" /MACHINE:X86 Debug\GEDCOM.exe.embed.manifest.res
         Debug\GEDCOM.obj
       Manifest:
         C:\Program Files (x86)\Microsoft SDKs\Windows\v7.0A\bin\mt.exe /nologo /verbose /out:"Debug\GEDCOM.exe.embed.manifest" /manifest Debug\GEDCOM.exe.intermediate.manifest
         All outputs are up-to-date.
       LinkEmbedManifest:
         All outputs are up-to-date.
         GEDCOM.vcxproj -> C:\Users\Yoshgunn\Documents\MastersDegree\SSW-555-Agile\GroupProject\ssw555stevens\GEDCOM\Debug\GEDCOM.exe
       FinalizeBuildStatus:
         Deleting file "Debug\GEDCOM.unsuccessfulbuild".
         Touching "Debug\GEDCOM.lastbuildstate".
     1>Done Building Project "C:\Users\Yoshgunn\Documents\MastersDegree\SSW-555-Agile\GroupProject\ssw555stevens\GEDCOM\GEDCOM.vcxproj" (build target(s)).

Build succeeded.

Time Elapsed 00:00:01.02
