C:\Users\Dipan\Documents\GitHub\ssw555stevens\Project\Project\Debug\cl.command.1.tlog
C:\Users\Dipan\Documents\GitHub\ssw555stevens\Project\Project\Debug\CL.read.1.tlog
C:\Users\Dipan\Documents\GitHub\ssw555stevens\Project\Project\Debug\CL.write.1.tlog
C:\Users\Dipan\Documents\GitHub\ssw555stevens\Project\Project\Debug\link.135352.read.1.tlog
C:\Users\Dipan\Documents\GitHub\ssw555stevens\Project\Project\Debug\link.135352.write.1.tlog
C:\Users\Dipan\Documents\GitHub\ssw555stevens\Project\Project\Debug\link.135352-cvtres.read.1.tlog
C:\Users\Dipan\Documents\GitHub\ssw555stevens\Project\Project\Debug\link.135352-cvtres.write.1.tlog
C:\Users\Dipan\Documents\GitHub\ssw555stevens\Project\Project\Debug\link.135352-rc.read.1.tlog
C:\Users\Dipan\Documents\GitHub\ssw555stevens\Project\Project\Debug\link.135352-rc.write.1.tlog
C:\Users\Dipan\Documents\GitHub\ssw555stevens\Project\Project\Debug\link.13628.read.1.tlog
C:\Users\Dipan\Documents\GitHub\ssw555stevens\Project\Project\Debug\link.13628.write.1.tlog
C:\Users\Dipan\Documents\GitHub\ssw555stevens\Project\Project\Debug\link.13628-cvtres.read.1.tlog
C:\Users\Dipan\Documents\GitHub\ssw555stevens\Project\Project\Debug\link.13628-cvtres.write.1.tlog
C:\Users\Dipan\Documents\GitHub\ssw555stevens\Project\Project\Debug\link.13628-rc.read.1.tlog
C:\Users\Dipan\Documents\GitHub\ssw555stevens\Project\Project\Debug\link.13628-rc.write.1.tlog
C:\Users\Dipan\Documents\GitHub\ssw555stevens\Project\Project\Debug\link.138712.read.1.tlog
C:\Users\Dipan\Documents\GitHub\ssw555stevens\Project\Project\Debug\link.138712.write.1.tlog
C:\Users\Dipan\Documents\GitHub\ssw555stevens\Project\Project\Debug\link.138712-cvtres.read.1.tlog
C:\Users\Dipan\Documents\GitHub\ssw555stevens\Project\Project\Debug\link.138712-cvtres.write.1.tlog
C:\Users\Dipan\Documents\GitHub\ssw555stevens\Project\Project\Debug\link.138712-rc.read.1.tlog
C:\Users\Dipan\Documents\GitHub\ssw555stevens\Project\Project\Debug\link.138712-rc.write.1.tlog
C:\Users\Dipan\Documents\GitHub\ssw555stevens\Project\Project\Debug\link.140332.read.1.tlog
C:\Users\Dipan\Documents\GitHub\ssw555stevens\Project\Project\Debug\link.140332.write.1.tlog
C:\Users\Dipan\Documents\GitHub\ssw555stevens\Project\Project\Debug\link.140332-cvtres.read.1.tlog
C:\Users\Dipan\Documents\GitHub\ssw555stevens\Project\Project\Debug\link.140332-cvtres.write.1.tlog
C:\Users\Dipan\Documents\GitHub\ssw555stevens\Project\Project\Debug\link.140332-rc.read.1.tlog
C:\Users\Dipan\Documents\GitHub\ssw555stevens\Project\Project\Debug\link.140332-rc.write.1.tlog
C:\Users\Dipan\Documents\GitHub\ssw555stevens\Project\Project\Debug\link.2136.read.1.tlog
C:\Users\Dipan\Documents\GitHub\ssw555stevens\Project\Project\Debug\link.2136.write.1.tlog
C:\Users\Dipan\Documents\GitHub\ssw555stevens\Project\Project\Debug\link.2136-cvtres.read.1.tlog
C:\Users\Dipan\Documents\GitHub\ssw555stevens\Project\Project\Debug\link.2136-cvtres.write.1.tlog
C:\Users\Dipan\Documents\GitHub\ssw555stevens\Project\Project\Debug\link.2136-rc.read.1.tlog
C:\Users\Dipan\Documents\GitHub\ssw555stevens\Project\Project\Debug\link.2136-rc.write.1.tlog
C:\Users\Dipan\Documents\GitHub\ssw555stevens\Project\Project\Debug\link.2764.read.1.tlog
C:\Users\Dipan\Documents\GitHub\ssw555stevens\Project\Project\Debug\link.2764.write.1.tlog
C:\Users\Dipan\Documents\GitHub\ssw555stevens\Project\Project\Debug\link.2764-cvtres.read.1.tlog
C:\Users\Dipan\Documents\GitHub\ssw555stevens\Project\Project\Debug\link.2764-cvtres.write.1.tlog
C:\Users\Dipan\Documents\GitHub\ssw555stevens\Project\Project\Debug\link.2764-rc.read.1.tlog
C:\Users\Dipan\Documents\GitHub\ssw555stevens\Project\Project\Debug\link.2764-rc.write.1.tlog
C:\Users\Dipan\Documents\GitHub\ssw555stevens\Project\Project\Debug\link.2940.read.1.tlog
C:\Users\Dipan\Documents\GitHub\ssw555stevens\Project\Project\Debug\link.2940.write.1.tlog
C:\Users\Dipan\Documents\GitHub\ssw555stevens\Project\Project\Debug\link.2940-cvtres.read.1.tlog
C:\Users\Dipan\Documents\GitHub\ssw555stevens\Project\Project\Debug\link.2940-cvtres.write.1.tlog
C:\Users\Dipan\Documents\GitHub\ssw555stevens\Project\Project\Debug\link.2940-rc.read.1.tlog
C:\Users\Dipan\Documents\GitHub\ssw555stevens\Project\Project\Debug\link.2940-rc.write.1.tlog
C:\Users\Dipan\Documents\GitHub\ssw555stevens\Project\Project\Debug\link.3640.read.1.tlog
C:\Users\Dipan\Documents\GitHub\ssw555stevens\Project\Project\Debug\link.3640.write.1.tlog
C:\Users\Dipan\Documents\GitHub\ssw555stevens\Project\Project\Debug\link.3640-cvtres.read.1.tlog
C:\Users\Dipan\Documents\GitHub\ssw555stevens\Project\Project\Debug\link.3640-cvtres.write.1.tlog
C:\Users\Dipan\Documents\GitHub\ssw555stevens\Project\Project\Debug\link.3640-rc.read.1.tlog
C:\Users\Dipan\Documents\GitHub\ssw555stevens\Project\Project\Debug\link.3640-rc.write.1.tlog
C:\Users\Dipan\Documents\GitHub\ssw555stevens\Project\Project\Debug\link.3928.read.1.tlog
C:\Users\Dipan\Documents\GitHub\ssw555stevens\Project\Project\Debug\link.3928.write.1.tlog
C:\Users\Dipan\Documents\GitHub\ssw555stevens\Project\Project\Debug\link.3928-cvtres.read.1.tlog
C:\Users\Dipan\Documents\GitHub\ssw555stevens\Project\Project\Debug\link.3928-cvtres.write.1.tlog
C:\Users\Dipan\Documents\GitHub\ssw555stevens\Project\Project\Debug\link.3928-rc.read.1.tlog
C:\Users\Dipan\Documents\GitHub\ssw555stevens\Project\Project\Debug\link.3928-rc.write.1.tlog
C:\Users\Dipan\Documents\GitHub\ssw555stevens\Project\Project\Debug\link.4060.read.1.tlog
C:\Users\Dipan\Documents\GitHub\ssw555stevens\Project\Project\Debug\link.4060.write.1.tlog
C:\Users\Dipan\Documents\GitHub\ssw555stevens\Project\Project\Debug\link.4060-cvtres.read.1.tlog
C:\Users\Dipan\Documents\GitHub\ssw555stevens\Project\Project\Debug\link.4060-cvtres.write.1.tlog
C:\Users\Dipan\Documents\GitHub\ssw555stevens\Project\Project\Debug\link.4060-rc.read.1.tlog
C:\Users\Dipan\Documents\GitHub\ssw555stevens\Project\Project\Debug\link.4060-rc.write.1.tlog
C:\Users\Dipan\Documents\GitHub\ssw555stevens\Project\Project\Debug\link.4136.read.1.tlog
C:\Users\Dipan\Documents\GitHub\ssw555stevens\Project\Project\Debug\link.4136.write.1.tlog
C:\Users\Dipan\Documents\GitHub\ssw555stevens\Project\Project\Debug\link.4136-cvtres.read.1.tlog
C:\Users\Dipan\Documents\GitHub\ssw555stevens\Project\Project\Debug\link.4136-cvtres.write.1.tlog
C:\Users\Dipan\Documents\GitHub\ssw555stevens\Project\Project\Debug\link.4136-rc.read.1.tlog
C:\Users\Dipan\Documents\GitHub\ssw555stevens\Project\Project\Debug\link.4136-rc.write.1.tlog
C:\Users\Dipan\Documents\GitHub\ssw555stevens\Project\Project\Debug\link.4148.read.1.tlog
C:\Users\Dipan\Documents\GitHub\ssw555stevens\Project\Project\Debug\link.4148.write.1.tlog
C:\Users\Dipan\Documents\GitHub\ssw555stevens\Project\Project\Debug\link.4148-cvtres.read.1.tlog
C:\Users\Dipan\Documents\GitHub\ssw555stevens\Project\Project\Debug\link.4148-cvtres.write.1.tlog
C:\Users\Dipan\Documents\GitHub\ssw555stevens\Project\Project\Debug\link.4148-rc.read.1.tlog
C:\Users\Dipan\Documents\GitHub\ssw555stevens\Project\Project\Debug\link.4148-rc.write.1.tlog
C:\Users\Dipan\Documents\GitHub\ssw555stevens\Project\Project\Debug\link.4376.read.1.tlog
C:\Users\Dipan\Documents\GitHub\ssw555stevens\Project\Project\Debug\link.4376.write.1.tlog
C:\Users\Dipan\Documents\GitHub\ssw555stevens\Project\Project\Debug\link.4376-cvtres.read.1.tlog
C:\Users\Dipan\Documents\GitHub\ssw555stevens\Project\Project\Debug\link.4376-cvtres.write.1.tlog
C:\Users\Dipan\Documents\GitHub\ssw555stevens\Project\Project\Debug\link.4376-rc.read.1.tlog
C:\Users\Dipan\Documents\GitHub\ssw555stevens\Project\Project\Debug\link.4376-rc.write.1.tlog
C:\Users\Dipan\Documents\GitHub\ssw555stevens\Project\Project\Debug\link.4636.read.1.tlog
C:\Users\Dipan\Documents\GitHub\ssw555stevens\Project\Project\Debug\link.4636.write.1.tlog
C:\Users\Dipan\Documents\GitHub\ssw555stevens\Project\Project\Debug\link.4636-cvtres.read.1.tlog
C:\Users\Dipan\Documents\GitHub\ssw555stevens\Project\Project\Debug\link.4636-cvtres.write.1.tlog
C:\Users\Dipan\Documents\GitHub\ssw555stevens\Project\Project\Debug\link.4636-rc.read.1.tlog
C:\Users\Dipan\Documents\GitHub\ssw555stevens\Project\Project\Debug\link.4636-rc.write.1.tlog
C:\Users\Dipan\Documents\GitHub\ssw555stevens\Project\Project\Debug\link.4744.read.1.tlog
C:\Users\Dipan\Documents\GitHub\ssw555stevens\Project\Project\Debug\link.4744.write.1.tlog
C:\Users\Dipan\Documents\GitHub\ssw555stevens\Project\Project\Debug\link.4744-cvtres.read.1.tlog
C:\Users\Dipan\Documents\GitHub\ssw555stevens\Project\Project\Debug\link.4744-cvtres.write.1.tlog
C:\Users\Dipan\Documents\GitHub\ssw555stevens\Project\Project\Debug\link.4744-rc.read.1.tlog
C:\Users\Dipan\Documents\GitHub\ssw555stevens\Project\Project\Debug\link.4744-rc.write.1.tlog
C:\Users\Dipan\Documents\GitHub\ssw555stevens\Project\Project\Debug\link.4748.read.1.tlog
C:\Users\Dipan\Documents\GitHub\ssw555stevens\Project\Project\Debug\link.4748.write.1.tlog
C:\Users\Dipan\Documents\GitHub\ssw555stevens\Project\Project\Debug\link.4748-cvtres.read.1.tlog
C:\Users\Dipan\Documents\GitHub\ssw555stevens\Project\Project\Debug\link.4748-cvtres.write.1.tlog
C:\Users\Dipan\Documents\GitHub\ssw555stevens\Project\Project\Debug\link.4748-rc.read.1.tlog
C:\Users\Dipan\Documents\GitHub\ssw555stevens\Project\Project\Debug\link.4748-rc.write.1.tlog
C:\Users\Dipan\Documents\GitHub\ssw555stevens\Project\Project\Debug\link.5144.read.1.tlog
C:\Users\Dipan\Documents\GitHub\ssw555stevens\Project\Project\Debug\link.5144.write.1.tlog
C:\Users\Dipan\Documents\GitHub\ssw555stevens\Project\Project\Debug\link.5144-cvtres.read.1.tlog
C:\Users\Dipan\Documents\GitHub\ssw555stevens\Project\Project\Debug\link.5144-cvtres.write.1.tlog
C:\Users\Dipan\Documents\GitHub\ssw555stevens\Project\Project\Debug\link.5144-rc.read.1.tlog
C:\Users\Dipan\Documents\GitHub\ssw555stevens\Project\Project\Debug\link.5144-rc.write.1.tlog
C:\Users\Dipan\Documents\GitHub\ssw555stevens\Project\Project\Debug\link.5152.read.1.tlog
C:\Users\Dipan\Documents\GitHub\ssw555stevens\Project\Project\Debug\link.5152.write.1.tlog
C:\Users\Dipan\Documents\GitHub\ssw555stevens\Project\Project\Debug\link.5152-cvtres.read.1.tlog
C:\Users\Dipan\Documents\GitHub\ssw555stevens\Project\Project\Debug\link.5152-cvtres.write.1.tlog
C:\Users\Dipan\Documents\GitHub\ssw555stevens\Project\Project\Debug\link.5152-rc.read.1.tlog
C:\Users\Dipan\Documents\GitHub\ssw555stevens\Project\Project\Debug\link.5152-rc.write.1.tlog
C:\Users\Dipan\Documents\GitHub\ssw555stevens\Project\Project\Debug\link.5164.read.1.tlog
C:\Users\Dipan\Documents\GitHub\ssw555stevens\Project\Project\Debug\link.5164.write.1.tlog
C:\Users\Dipan\Documents\GitHub\ssw555stevens\Project\Project\Debug\link.5164-cvtres.read.1.tlog
C:\Users\Dipan\Documents\GitHub\ssw555stevens\Project\Project\Debug\link.5164-cvtres.write.1.tlog
C:\Users\Dipan\Documents\GitHub\ssw555stevens\Project\Project\Debug\link.5164-rc.read.1.tlog
C:\Users\Dipan\Documents\GitHub\ssw555stevens\Project\Project\Debug\link.5164-rc.write.1.tlog
C:\Users\Dipan\Documents\GitHub\ssw555stevens\Project\Project\Debug\link.5348.read.1.tlog
C:\Users\Dipan\Documents\GitHub\ssw555stevens\Project\Project\Debug\link.5348.write.1.tlog
C:\Users\Dipan\Documents\GitHub\ssw555stevens\Project\Project\Debug\link.5348-cvtres.read.1.tlog
C:\Users\Dipan\Documents\GitHub\ssw555stevens\Project\Project\Debug\link.5348-cvtres.write.1.tlog
C:\Users\Dipan\Documents\GitHub\ssw555stevens\Project\Project\Debug\link.5348-rc.read.1.tlog
C:\Users\Dipan\Documents\GitHub\ssw555stevens\Project\Project\Debug\link.5348-rc.write.1.tlog
C:\Users\Dipan\Documents\GitHub\ssw555stevens\Project\Project\Debug\link.5352.read.1.tlog
C:\Users\Dipan\Documents\GitHub\ssw555stevens\Project\Project\Debug\link.5352.write.1.tlog
C:\Users\Dipan\Documents\GitHub\ssw555stevens\Project\Project\Debug\link.5352-cvtres.read.1.tlog
C:\Users\Dipan\Documents\GitHub\ssw555stevens\Project\Project\Debug\link.5352-cvtres.write.1.tlog
C:\Users\Dipan\Documents\GitHub\ssw555stevens\Project\Project\Debug\link.5352-rc.read.1.tlog
C:\Users\Dipan\Documents\GitHub\ssw555stevens\Project\Project\Debug\link.5352-rc.write.1.tlog
C:\Users\Dipan\Documents\GitHub\ssw555stevens\Project\Project\Debug\link.5416.read.1.tlog
C:\Users\Dipan\Documents\GitHub\ssw555stevens\Project\Project\Debug\link.5416.write.1.tlog
C:\Users\Dipan\Documents\GitHub\ssw555stevens\Project\Project\Debug\link.5416-cvtres.read.1.tlog
C:\Users\Dipan\Documents\GitHub\ssw555stevens\Project\Project\Debug\link.5416-cvtres.write.1.tlog
C:\Users\Dipan\Documents\GitHub\ssw555stevens\Project\Project\Debug\link.5416-rc.read.1.tlog
C:\Users\Dipan\Documents\GitHub\ssw555stevens\Project\Project\Debug\link.5416-rc.write.1.tlog
C:\Users\Dipan\Documents\GitHub\ssw555stevens\Project\Project\Debug\link.5432.read.1.tlog
C:\Users\Dipan\Documents\GitHub\ssw555stevens\Project\Project\Debug\link.5432.write.1.tlog
C:\Users\Dipan\Documents\GitHub\ssw555stevens\Project\Project\Debug\link.5432-cvtres.read.1.tlog
C:\Users\Dipan\Documents\GitHub\ssw555stevens\Project\Project\Debug\link.5432-cvtres.write.1.tlog
C:\Users\Dipan\Documents\GitHub\ssw555stevens\Project\Project\Debug\link.5432-rc.read.1.tlog
C:\Users\Dipan\Documents\GitHub\ssw555stevens\Project\Project\Debug\link.5432-rc.write.1.tlog
C:\Users\Dipan\Documents\GitHub\ssw555stevens\Project\Project\Debug\link.5464.read.1.tlog
C:\Users\Dipan\Documents\GitHub\ssw555stevens\Project\Project\Debug\link.5464.write.1.tlog
C:\Users\Dipan\Documents\GitHub\ssw555stevens\Project\Project\Debug\link.5464-cvtres.read.1.tlog
C:\Users\Dipan\Documents\GitHub\ssw555stevens\Project\Project\Debug\link.5464-cvtres.write.1.tlog
C:\Users\Dipan\Documents\GitHub\ssw555stevens\Project\Project\Debug\link.5464-rc.read.1.tlog
C:\Users\Dipan\Documents\GitHub\ssw555stevens\Project\Project\Debug\link.5464-rc.write.1.tlog
C:\Users\Dipan\Documents\GitHub\ssw555stevens\Project\Project\Debug\link.5584.read.1.tlog
C:\Users\Dipan\Documents\GitHub\ssw555stevens\Project\Project\Debug\link.5584.write.1.tlog
C:\Users\Dipan\Documents\GitHub\ssw555stevens\Project\Project\Debug\link.5584-cvtres.read.1.tlog
C:\Users\Dipan\Documents\GitHub\ssw555stevens\Project\Project\Debug\link.5584-cvtres.write.1.tlog
C:\Users\Dipan\Documents\GitHub\ssw555stevens\Project\Project\Debug\link.5584-rc.read.1.tlog
C:\Users\Dipan\Documents\GitHub\ssw555stevens\Project\Project\Debug\link.5584-rc.write.1.tlog
C:\Users\Dipan\Documents\GitHub\ssw555stevens\Project\Project\Debug\link.5756.read.1.tlog
C:\Users\Dipan\Documents\GitHub\ssw555stevens\Project\Project\Debug\link.5756.write.1.tlog
C:\Users\Dipan\Documents\GitHub\ssw555stevens\Project\Project\Debug\link.5756-cvtres.read.1.tlog
C:\Users\Dipan\Documents\GitHub\ssw555stevens\Project\Project\Debug\link.5756-cvtres.write.1.tlog
C:\Users\Dipan\Documents\GitHub\ssw555stevens\Project\Project\Debug\link.5756-rc.read.1.tlog
C:\Users\Dipan\Documents\GitHub\ssw555stevens\Project\Project\Debug\link.5756-rc.write.1.tlog
C:\Users\Dipan\Documents\GitHub\ssw555stevens\Project\Project\Debug\link.57592.read.1.tlog
C:\Users\Dipan\Documents\GitHub\ssw555stevens\Project\Project\Debug\link.57592.write.1.tlog
C:\Users\Dipan\Documents\GitHub\ssw555stevens\Project\Project\Debug\link.57592-cvtres.read.1.tlog
C:\Users\Dipan\Documents\GitHub\ssw555stevens\Project\Project\Debug\link.57592-cvtres.write.1.tlog
C:\Users\Dipan\Documents\GitHub\ssw555stevens\Project\Project\Debug\link.57592-rc.read.1.tlog
C:\Users\Dipan\Documents\GitHub\ssw555stevens\Project\Project\Debug\link.57592-rc.write.1.tlog
C:\Users\Dipan\Documents\GitHub\ssw555stevens\Project\Project\Debug\link.5816.read.1.tlog
C:\Users\Dipan\Documents\GitHub\ssw555stevens\Project\Project\Debug\link.5816.write.1.tlog
C:\Users\Dipan\Documents\GitHub\ssw555stevens\Project\Project\Debug\link.5816-cvtres.read.1.tlog
C:\Users\Dipan\Documents\GitHub\ssw555stevens\Project\Project\Debug\link.5816-cvtres.write.1.tlog
C:\Users\Dipan\Documents\GitHub\ssw555stevens\Project\Project\Debug\link.5816-rc.read.1.tlog
C:\Users\Dipan\Documents\GitHub\ssw555stevens\Project\Project\Debug\link.5816-rc.write.1.tlog
C:\Users\Dipan\Documents\GitHub\ssw555stevens\Project\Project\Debug\link.5832.read.1.tlog
C:\Users\Dipan\Documents\GitHub\ssw555stevens\Project\Project\Debug\link.5832.write.1.tlog
C:\Users\Dipan\Documents\GitHub\ssw555stevens\Project\Project\Debug\link.5832-cvtres.read.1.tlog
C:\Users\Dipan\Documents\GitHub\ssw555stevens\Project\Project\Debug\link.5832-cvtres.write.1.tlog
C:\Users\Dipan\Documents\GitHub\ssw555stevens\Project\Project\Debug\link.5832-rc.read.1.tlog
C:\Users\Dipan\Documents\GitHub\ssw555stevens\Project\Project\Debug\link.5832-rc.write.1.tlog
C:\Users\Dipan\Documents\GitHub\ssw555stevens\Project\Project\Debug\link.5932.read.1.tlog
C:\Users\Dipan\Documents\GitHub\ssw555stevens\Project\Project\Debug\link.5932.write.1.tlog
C:\Users\Dipan\Documents\GitHub\ssw555stevens\Project\Project\Debug\link.5932-cvtres.read.1.tlog
C:\Users\Dipan\Documents\GitHub\ssw555stevens\Project\Project\Debug\link.5932-cvtres.write.1.tlog
C:\Users\Dipan\Documents\GitHub\ssw555stevens\Project\Project\Debug\link.5932-rc.read.1.tlog
C:\Users\Dipan\Documents\GitHub\ssw555stevens\Project\Project\Debug\link.5932-rc.write.1.tlog
C:\Users\Dipan\Documents\GitHub\ssw555stevens\Project\Project\Debug\link.5952.read.1.tlog
C:\Users\Dipan\Documents\GitHub\ssw555stevens\Project\Project\Debug\link.5952.write.1.tlog
C:\Users\Dipan\Documents\GitHub\ssw555stevens\Project\Project\Debug\link.5952-cvtres.read.1.tlog
C:\Users\Dipan\Documents\GitHub\ssw555stevens\Project\Project\Debug\link.5952-cvtres.write.1.tlog
C:\Users\Dipan\Documents\GitHub\ssw555stevens\Project\Project\Debug\link.5952-rc.read.1.tlog
C:\Users\Dipan\Documents\GitHub\ssw555stevens\Project\Project\Debug\link.5952-rc.write.1.tlog
C:\Users\Dipan\Documents\GitHub\ssw555stevens\Project\Project\Debug\link.6040.read.1.tlog
C:\Users\Dipan\Documents\GitHub\ssw555stevens\Project\Project\Debug\link.6040.write.1.tlog
C:\Users\Dipan\Documents\GitHub\ssw555stevens\Project\Project\Debug\link.6040-cvtres.read.1.tlog
C:\Users\Dipan\Documents\GitHub\ssw555stevens\Project\Project\Debug\link.6040-cvtres.write.1.tlog
C:\Users\Dipan\Documents\GitHub\ssw555stevens\Project\Project\Debug\link.6040-rc.read.1.tlog
C:\Users\Dipan\Documents\GitHub\ssw555stevens\Project\Project\Debug\link.6040-rc.write.1.tlog
C:\Users\Dipan\Documents\GitHub\ssw555stevens\Project\Project\Debug\link.66960.read.1.tlog
C:\Users\Dipan\Documents\GitHub\ssw555stevens\Project\Project\Debug\link.66960.write.1.tlog
C:\Users\Dipan\Documents\GitHub\ssw555stevens\Project\Project\Debug\link.66960-cvtres.read.1.tlog
C:\Users\Dipan\Documents\GitHub\ssw555stevens\Project\Project\Debug\link.66960-cvtres.write.1.tlog
C:\Users\Dipan\Documents\GitHub\ssw555stevens\Project\Project\Debug\link.66960-rc.read.1.tlog
C:\Users\Dipan\Documents\GitHub\ssw555stevens\Project\Project\Debug\link.66960-rc.write.1.tlog
C:\Users\Dipan\Documents\GitHub\ssw555stevens\Project\Project\Debug\link.71652.read.1.tlog
C:\Users\Dipan\Documents\GitHub\ssw555stevens\Project\Project\Debug\link.71652.write.1.tlog
C:\Users\Dipan\Documents\GitHub\ssw555stevens\Project\Project\Debug\link.71652-cvtres.read.1.tlog
C:\Users\Dipan\Documents\GitHub\ssw555stevens\Project\Project\Debug\link.71652-cvtres.write.1.tlog
C:\Users\Dipan\Documents\GitHub\ssw555stevens\Project\Project\Debug\link.71652-rc.read.1.tlog
C:\Users\Dipan\Documents\GitHub\ssw555stevens\Project\Project\Debug\link.71652-rc.write.1.tlog
C:\Users\Dipan\Documents\GitHub\ssw555stevens\Project\Project\Debug\link.852.read.1.tlog
C:\Users\Dipan\Documents\GitHub\ssw555stevens\Project\Project\Debug\link.852.write.1.tlog
C:\Users\Dipan\Documents\GitHub\ssw555stevens\Project\Project\Debug\link.852-cvtres.read.1.tlog
C:\Users\Dipan\Documents\GitHub\ssw555stevens\Project\Project\Debug\link.852-cvtres.write.1.tlog
C:\Users\Dipan\Documents\GitHub\ssw555stevens\Project\Project\Debug\link.852-rc.read.1.tlog
C:\Users\Dipan\Documents\GitHub\ssw555stevens\Project\Project\Debug\link.852-rc.write.1.tlog
C:\Users\Dipan\Documents\GitHub\ssw555stevens\Project\Project\Debug\link.85940.read.1.tlog
C:\Users\Dipan\Documents\GitHub\ssw555stevens\Project\Project\Debug\link.85940.write.1.tlog
C:\Users\Dipan\Documents\GitHub\ssw555stevens\Project\Project\Debug\link.85940-cvtres.read.1.tlog
C:\Users\Dipan\Documents\GitHub\ssw555stevens\Project\Project\Debug\link.85940-cvtres.write.1.tlog
C:\Users\Dipan\Documents\GitHub\ssw555stevens\Project\Project\Debug\link.85940-rc.read.1.tlog
C:\Users\Dipan\Documents\GitHub\ssw555stevens\Project\Project\Debug\link.85940-rc.write.1.tlog
C:\Users\Dipan\Documents\GitHub\ssw555stevens\Project\Project\Debug\link.command.1.tlog
C:\Users\Dipan\Documents\GitHub\ssw555stevens\Project\Project\Debug\link.read.1.tlog
C:\Users\Dipan\Documents\GitHub\ssw555stevens\Project\Project\Debug\link.write.1.tlog
C:\Users\Dipan\Documents\GitHub\ssw555stevens\Project\Project\Debug\link-cvtres.read.1.tlog
C:\Users\Dipan\Documents\GitHub\ssw555stevens\Project\Project\Debug\link-cvtres.write.1.tlog
C:\Users\Dipan\Documents\GitHub\ssw555stevens\Project\Project\Debug\link-rc.read.1.tlog
C:\Users\Dipan\Documents\GitHub\ssw555stevens\Project\Project\Debug\link-rc.write.1.tlog
C:\Users\Dipan\Documents\GitHub\ssw555stevens\Project\Project\Debug\Project.obj
C:\Users\Dipan\Documents\GitHub\ssw555stevens\Project\Project\Debug\Project.pch
C:\Users\Dipan\Documents\GitHub\ssw555stevens\Project\Project\Debug\stdafx.obj
C:\Users\Dipan\Documents\GitHub\ssw555stevens\Project\Project\Debug\vc110.idb
C:\Users\Dipan\Documents\GitHub\ssw555stevens\Project\Project\Debug\vc110.pdb
F:\DIPAN\PROJECT\DEBUG\PROJECT.EXE
F:\DIPAN\PROJECT\DEBUG\PROJECT.ILK
F:\DIPAN\PROJECT\DEBUG\PROJECT.PDB
F:\DIPAN\PROJECT\PROJECT\DEBUG\PROJECT.OBJ
F:\DIPAN\PROJECT\PROJECT\DEBUG\PROJECT.PCH
F:\DIPAN\PROJECT\PROJECT\DEBUG\STDAFX.OBJ
F:\DIPAN\PROJECT\PROJECT\DEBUG\VC110.PDB
